{"contracts\\CreditLedger.sol":{"l":{"134":4,"139":6,"140":5,"141":5,"142":5,"143":5,"144":5,"145":5,"151":13,"152":12,"153":12,"154":12,"155":12,"156":12,"166":13,"167":12,"168":1,"170":11,"171":2,"173":9,"174":9,"175":9,"183":9,"191":10,"192":1,"194":9,"195":9,"204":3,"205":1,"207":2,"208":2,"215":3,"216":1,"218":2,"219":1,"220":1,"221":1,"226":3,"227":2,"228":1,"230":1,"231":1,"232":1,"233":1,"244":19,"245":18,"246":17,"247":16,"248":1,"250":15,"251":15,"252":16,"253":16,"254":15,"255":15,"256":1,"258":1,"260":14,"261":1,"263":1,"265":13,"266":1,"268":1,"270":12,"271":1,"273":1,"275":11,"276":1,"278":1,"280":10,"281":10,"282":10,"283":10,"290":10,"291":10,"292":10,"293":7,"294":7,"295":7,"296":7,"297":5,"303":5,"304":3,"305":3,"306":3,"307":3,"308":1,"320":13,"321":12,"322":12,"323":10,"324":5,"325":4,"327":8,"328":7,"329":7,"330":6,"331":3,"332":3,"334":5,"335":5,"336":5,"337":5,"338":3,"339":3,"341":5,"349":5,"350":5,"354":1,"355":1,"359":3,"360":2,"361":1,"362":1,"363":1,"367":3,"368":2,"369":1,"371":1,"372":1,"373":1,"374":1,"378":2,"379":1,"380":1,"381":1,"386":3,"387":2,"388":1,"391":1,"392":1,"393":1,"394":1,"398":1,"402":1,"410":4,"412":4,"413":4,"414":4,"415":14,"416":14,"417":4,"418":4,"420":4,"425":13,"426":13,"427":13,"429":7,"430":7,"431":7,"432":13,"433":13,"435":7,"436":7,"437":7,"439":13,"440":13,"441":43,"442":43,"443":5,"446":5,"447":5,"456":5,"457":5,"458":5,"459":5,"460":13,"461":13,"462":13,"463":6,"464":6,"466":6,"467":6,"468":6,"469":6,"470":6,"472":5,"473":1,"478":28,"479":10,"480":10,"481":10,"482":10,"486":15,"487":13},"path":"C:\\Users\\mak\\Documents\\projects\\Research Work\\CG-MoE\\infrastructure\\evm\\contracts\\CreditLedger.sol","s":{"1":4,"2":6,"3":5,"4":5,"5":5,"6":13,"7":12,"8":12,"9":13,"10":12,"11":11,"12":9,"13":10,"14":9,"15":3,"16":2,"17":3,"18":2,"19":1,"20":3,"21":2,"22":1,"23":19,"24":18,"25":17,"26":16,"27":15,"28":15,"29":16,"30":16,"31":15,"32":15,"33":1,"34":14,"35":1,"36":13,"37":1,"38":12,"39":1,"40":11,"41":1,"42":10,"43":10,"44":10,"45":10,"46":7,"47":7,"48":7,"49":5,"50":5,"51":3,"52":3,"53":3,"54":1,"55":13,"56":12,"57":12,"58":10,"59":5,"60":4,"61":8,"62":7,"63":7,"64":6,"65":3,"66":3,"67":5,"68":5,"69":3,"70":5,"71":5,"72":1,"73":3,"74":2,"75":1,"76":3,"77":2,"78":1,"79":2,"80":1,"81":3,"82":2,"83":1,"84":1,"85":1,"86":4,"87":4,"88":4,"89":14,"90":14,"91":4,"92":4,"93":13,"94":13,"95":13,"96":7,"97":7,"98":7,"99":13,"100":43,"101":43,"102":5,"103":5,"104":5,"105":5,"106":5,"107":5,"108":13,"109":13,"110":6,"111":6,"112":6,"113":6,"114":6,"115":5,"116":28,"117":18,"118":10,"119":10,"120":15},"b":{"1":[6,1],"2":[1,5],"3":[13,1],"4":[1,12],"5":[13,1],"6":[1,12],"7":[1,11],"8":[2,9],"9":[10,1],"10":[1,9],"11":[3,1],"12":[1,2],"13":[1,2],"14":[1,1],"15":[1,2],"16":[1,1],"17":[19,1],"18":[1,18],"19":[1,17],"20":[1,16],"21":[1,15],"22":[1,15],"23":[1,14],"24":[1,13],"25":[1,12],"26":[1,11],"27":[1,10],"28":[11,1],"29":[10,1],"30":[3,7],"31":[2,5],"32":[5,1],"33":[2,3],"34":[2,1],"35":[13,1],"36":[1,12],"37":[2,10],"38":[1,1],"39":[5,5],"40":[1,4],"41":[1,3],"42":[1,7],"43":[1,6],"44":[3,3],"45":[1,2],"46":[3,2],"47":[5,2],"48":[1,2],"49":[3,1],"50":[1,2],"51":[1,1],"52":[1,2],"53":[1,1],"54":[2,1],"55":[1,1],"56":[1,2],"57":[1,1],"58":[1,2],"59":[1,1],"60":[10,4],"61":[2,2],"62":[7,6],"63":[38,5],"64":[7,6],"65":[1,5],"66":[2,4],"67":[4,2],"68":[1,4],"69":[18,10],"70":[2,13],"71":[2,2]},"f":{"1":4,"2":6,"3":13,"4":13,"5":10,"6":3,"7":3,"8":3,"9":19,"10":10,"11":5,"12":13,"13":5,"14":1,"15":3,"16":3,"17":2,"18":3,"19":1,"20":1,"21":4,"22":13,"23":5,"24":28,"25":15,"26":2},"fnMap":{"1":{"name":"constructor","line":133,"loc":{"start":{"line":133,"column":4},"end":{"line":135,"column":4}}},"2":{"name":"initialize","line":138,"loc":{"start":{"line":137,"column":4},"end":{"line":146,"column":4}}},"3":{"name":"deposit","line":150,"loc":{"start":{"line":150,"column":4},"end":{"line":157,"column":4}}},"4":{"name":"register","line":165,"loc":{"start":{"line":163,"column":4},"end":{"line":185,"column":4}}},"5":{"name":"setAdmitted","line":190,"loc":{"start":{"line":189,"column":4},"end":{"line":196,"column":4}}},"6":{"name":"setDelisted","line":203,"loc":{"start":{"line":202,"column":4},"end":{"line":209,"column":4}}},"7":{"name":"schedulePriceChange","line":213,"loc":{"start":{"line":213,"column":4},"end":{"line":223,"column":4}}},"8":{"name":"applyPriceChange","line":225,"loc":{"start":{"line":225,"column":4},"end":{"line":234,"column":4}}},"9":{"name":"recordCredits","line":243,"loc":{"start":{"line":241,"column":4},"end":{"line":285,"column":4}}},"10":{"name":"claim","line":289,"loc":{"start":{"line":289,"column":4},"end":{"line":298,"column":4}}},"11":{"name":"claimDevFund","line":302,"loc":{"start":{"line":302,"column":4},"end":{"line":309,"column":4}}},"12":{"name":"slash","line":319,"loc":{"start":{"line":317,"column":4},"end":{"line":342,"column":4}}},"13":{"name":"setLibrarian","line":348,"loc":{"start":{"line":348,"column":4},"end":{"line":351,"column":4}}},"14":{"name":"renounceLibrarian","line":353,"loc":{"start":{"line":353,"column":4},"end":{"line":356,"column":4}}},"15":{"name":"scheduleDevFundChange","line":358,"loc":{"start":{"line":358,"column":4},"end":{"line":364,"column":4}}},"16":{"name":"applyDevFundChange","line":366,"loc":{"start":{"line":366,"column":4},"end":{"line":375,"column":4}}},"17":{"name":"scheduleRegistrationFee","line":377,"loc":{"start":{"line":377,"column":4},"end":{"line":383,"column":4}}},"18":{"name":"applyRegistrationFeeChange","line":385,"loc":{"start":{"line":385,"column":4},"end":{"line":395,"column":4}}},"19":{"name":"pause","line":397,"loc":{"start":{"line":397,"column":4},"end":{"line":399,"column":4}}},"20":{"name":"unpause","line":401,"loc":{"start":{"line":401,"column":4},"end":{"line":403,"column":4}}},"21":{"name":"vestedOf","line":409,"loc":{"start":{"line":409,"column":4},"end":{"line":422,"column":4}}},"22":{"name":"_vestedOf","line":424,"loc":{"start":{"line":424,"column":4},"end":{"line":449,"column":4}}},"23":{"name":"_burnFromBuckets","line":454,"loc":{"start":{"line":454,"column":4},"end":{"line":475,"column":4}}},"24":{"name":"_rollEpochIfDue","line":477,"loc":{"start":{"line":477,"column":4},"end":{"line":483,"column":4}}},"25":{"name":"onlyLibrarian","line":485,"loc":{"start":{"line":485,"column":4},"end":{"line":488,"column":4}}},"26":{"name":"_authorizeUpgrade","line":491,"loc":{"start":{"line":491,"column":4},"end":{"line":491,"column":69}}}},"statementMap":{"1":{"start":{"line":134,"column":8},"end":{"line":134,"column":29}},"2":{"start":{"line":139,"column":8},"end":{"line":139,"column":56}},"3":{"start":{"line":140,"column":8},"end":{"line":140,"column":28}},"4":{"start":{"line":141,"column":8},"end":{"line":141,"column":33}},"5":{"start":{"line":142,"column":8},"end":{"line":142,"column":24}},"6":{"start":{"line":151,"column":8},"end":{"line":151,"column":47}},"7":{"start":{"line":152,"column":8},"end":{"line":152,"column":58}},"8":{"start":{"line":156,"column":8},"end":{"line":156,"column":53}},"9":{"start":{"line":166,"column":8},"end":{"line":166,"column":61}},"10":{"start":{"line":167,"column":8},"end":{"line":167,"column":7395}},"11":{"start":{"line":170,"column":8},"end":{"line":170,"column":7506}},"12":{"start":{"line":183,"column":8},"end":{"line":183,"column":8008}},"13":{"start":{"line":191,"column":8},"end":{"line":191,"column":8304}},"14":{"start":{"line":195,"column":8},"end":{"line":195,"column":44}},"15":{"start":{"line":204,"column":8},"end":{"line":204,"column":8901}},"16":{"start":{"line":208,"column":8},"end":{"line":208,"column":51}},"17":{"start":{"line":215,"column":8},"end":{"line":215,"column":9347}},"18":{"start":{"line":218,"column":8},"end":{"line":218,"column":68}},"19":{"start":{"line":221,"column":8},"end":{"line":221,"column":9696}},"20":{"start":{"line":226,"column":8},"end":{"line":226,"column":68}},"21":{"start":{"line":227,"column":8},"end":{"line":227,"column":9906}},"22":{"start":{"line":233,"column":8},"end":{"line":233,"column":68}},"23":{"start":{"line":244,"column":8},"end":{"line":244,"column":58}},"24":{"start":{"line":245,"column":8},"end":{"line":245,"column":72}},"25":{"start":{"line":246,"column":8},"end":{"line":246,"column":51}},"26":{"start":{"line":247,"column":8},"end":{"line":247,"column":10942}},"27":{"start":{"line":250,"column":8},"end":{"line":250,"column":24}},"28":{"start":{"line":251,"column":8},"end":{"line":251,"column":11084}},"29":{"start":{"line":252,"column":12},"end":{"line":252,"column":45}},"30":{"start":{"line":253,"column":12},"end":{"line":253,"column":39}},"31":{"start":{"line":254,"column":12},"end":{"line":254,"column":55}},"32":{"start":{"line":255,"column":12},"end":{"line":255,"column":11296}},"33":{"start":{"line":256,"column":16},"end":{"line":256,"column":11395}},"34":{"start":{"line":260,"column":12},"end":{"line":260,"column":11515}},"35":{"start":{"line":261,"column":16},"end":{"line":261,"column":11589}},"36":{"start":{"line":265,"column":12},"end":{"line":265,"column":11709}},"37":{"start":{"line":266,"column":16},"end":{"line":266,"column":11778}},"38":{"start":{"line":270,"column":12},"end":{"line":270,"column":11898}},"39":{"start":{"line":271,"column":16},"end":{"line":271,"column":11989}},"40":{"start":{"line":275,"column":12},"end":{"line":275,"column":12109}},"41":{"start":{"line":276,"column":16},"end":{"line":276,"column":12200}},"42":{"start":{"line":283,"column":12},"end":{"line":283,"column":56}},"43":{"start":{"line":290,"column":8},"end":{"line":290,"column":32}},"44":{"start":{"line":291,"column":8},"end":{"line":291,"column":39}},"45":{"start":{"line":292,"column":8},"end":{"line":292,"column":61}},"46":{"start":{"line":293,"column":8},"end":{"line":293,"column":48}},"47":{"start":{"line":295,"column":8},"end":{"line":295,"column":58}},"48":{"start":{"line":296,"column":8},"end":{"line":296,"column":36}},"49":{"start":{"line":297,"column":8},"end":{"line":297,"column":33}},"50":{"start":{"line":303,"column":8},"end":{"line":303,"column":54}},"51":{"start":{"line":304,"column":8},"end":{"line":304,"column":37}},"52":{"start":{"line":306,"column":8},"end":{"line":306,"column":62}},"53":{"start":{"line":307,"column":8},"end":{"line":307,"column":36}},"54":{"start":{"line":308,"column":8},"end":{"line":308,"column":35}},"55":{"start":{"line":320,"column":8},"end":{"line":320,"column":58}},"56":{"start":{"line":321,"column":8},"end":{"line":321,"column":49}},"57":{"start":{"line":322,"column":8},"end":{"line":322,"column":63}},"58":{"start":{"line":323,"column":8},"end":{"line":323,"column":14229}},"59":{"start":{"line":324,"column":12},"end":{"line":324,"column":67}},"60":{"start":{"line":325,"column":12},"end":{"line":325,"column":60}},"61":{"start":{"line":327,"column":8},"end":{"line":327,"column":44}},"62":{"start":{"line":328,"column":8},"end":{"line":328,"column":59}},"63":{"start":{"line":329,"column":8},"end":{"line":329,"column":55}},"64":{"start":{"line":330,"column":8},"end":{"line":330,"column":14567}},"65":{"start":{"line":331,"column":12},"end":{"line":331,"column":62}},"66":{"start":{"line":332,"column":12},"end":{"line":332,"column":58}},"67":{"start":{"line":335,"column":8},"end":{"line":335,"column":43}},"68":{"start":{"line":337,"column":8},"end":{"line":337,"column":14845}},"69":{"start":{"line":339,"column":12},"end":{"line":339,"column":44}},"70":{"start":{"line":341,"column":8},"end":{"line":341,"column":65}},"71":{"start":{"line":350,"column":8},"end":{"line":350,"column":43}},"72":{"start":{"line":355,"column":8},"end":{"line":355,"column":41}},"73":{"start":{"line":359,"column":8},"end":{"line":359,"column":55}},"74":{"start":{"line":360,"column":8},"end":{"line":360,"column":66}},"75":{"start":{"line":363,"column":8},"end":{"line":363,"column":61}},"76":{"start":{"line":367,"column":8},"end":{"line":367,"column":66}},"77":{"start":{"line":368,"column":8},"end":{"line":368,"column":16073}},"78":{"start":{"line":374,"column":8},"end":{"line":374,"column":36}},"79":{"start":{"line":378,"column":8},"end":{"line":378,"column":66}},"80":{"start":{"line":381,"column":8},"end":{"line":381,"column":16667}},"81":{"start":{"line":386,"column":8},"end":{"line":386,"column":66}},"82":{"start":{"line":387,"column":8},"end":{"line":387,"column":16863}},"83":{"start":{"line":394,"column":8},"end":{"line":394,"column":52}},"84":{"start":{"line":398,"column":8},"end":{"line":398,"column":15}},"85":{"start":{"line":402,"column":8},"end":{"line":402,"column":17}},"86":{"start":{"line":410,"column":8},"end":{"line":410,"column":17758}},"87":{"start":{"line":412,"column":8},"end":{"line":412,"column":42}},"88":{"start":{"line":414,"column":8},"end":{"line":414,"column":17884}},"89":{"start":{"line":415,"column":12},"end":{"line":415,"column":49}},"90":{"start":{"line":416,"column":12},"end":{"line":416,"column":37}},"91":{"start":{"line":417,"column":12},"end":{"line":417,"column":43}},"92":{"start":{"line":418,"column":12},"end":{"line":418,"column":18132}},"93":{"start":{"line":425,"column":8},"end":{"line":425,"column":24}},"94":{"start":{"line":426,"column":8},"end":{"line":426,"column":42}},"95":{"start":{"line":427,"column":8},"end":{"line":427,"column":18406}},"96":{"start":{"line":429,"column":12},"end":{"line":429,"column":31}},"97":{"start":{"line":430,"column":12},"end":{"line":430,"column":60}},"98":{"start":{"line":431,"column":12},"end":{"line":431,"column":18603}},"99":{"start":{"line":440,"column":8},"end":{"line":440,"column":18946}},"100":{"start":{"line":441,"column":12},"end":{"line":441,"column":49}},"101":{"start":{"line":442,"column":12},"end":{"line":442,"column":37}},"102":{"start":{"line":443,"column":12},"end":{"line":443,"column":41}},"103":{"start":{"line":446,"column":12},"end":{"line":446,"column":60}},"104":{"start":{"line":456,"column":8},"end":{"line":456,"column":42}},"105":{"start":{"line":457,"column":8},"end":{"line":457,"column":34}},"106":{"start":{"line":458,"column":8},"end":{"line":458,"column":31}},"107":{"start":{"line":459,"column":8},"end":{"line":459,"column":19824}},"108":{"start":{"line":461,"column":12},"end":{"line":461,"column":44}},"109":{"start":{"line":462,"column":12},"end":{"line":462,"column":32}},"110":{"start":{"line":463,"column":12},"end":{"line":463,"column":41}},"111":{"start":{"line":464,"column":12},"end":{"line":464,"column":20068}},"112":{"start":{"line":466,"column":12},"end":{"line":466,"column":56}},"113":{"start":{"line":467,"column":12},"end":{"line":467,"column":57}},"114":{"start":{"line":468,"column":12},"end":{"line":468,"column":66}},"115":{"start":{"line":472,"column":8},"end":{"line":472,"column":20410}},"116":{"start":{"line":478,"column":8},"end":{"line":478,"column":56}},"117":{"start":{"line":478,"column":50},"end":{"line":478,"column":56}},"118":{"start":{"line":479,"column":8},"end":{"line":479,"column":64}},"119":{"start":{"line":482,"column":8},"end":{"line":482,"column":45}},"120":{"start":{"line":486,"column":8},"end":{"line":486,"column":58}}},"branchMap":{"1":{"line":138,"type":"if","locations":[{"start":{"line":138,"column":15},"end":{"line":138,"column":15}},{"start":{"line":138,"column":15},"end":{"line":138,"column":15}}]},"2":{"line":139,"type":"if","locations":[{"start":{"line":139,"column":8},"end":{"line":139,"column":8}},{"start":{"line":139,"column":8},"end":{"line":139,"column":8}}]},"3":{"line":150,"type":"if","locations":[{"start":{"line":150,"column":40},"end":{"line":150,"column":40}},{"start":{"line":150,"column":40},"end":{"line":150,"column":40}}]},"4":{"line":151,"type":"if","locations":[{"start":{"line":151,"column":8},"end":{"line":151,"column":8}},{"start":{"line":151,"column":8},"end":{"line":151,"column":8}}]},"5":{"line":165,"type":"if","locations":[{"start":{"line":165,"column":25},"end":{"line":165,"column":25}},{"start":{"line":165,"column":25},"end":{"line":165,"column":25}}]},"6":{"line":166,"type":"if","locations":[{"start":{"line":166,"column":8},"end":{"line":166,"column":8}},{"start":{"line":166,"column":8},"end":{"line":166,"column":8}}]},"7":{"line":167,"type":"if","locations":[{"start":{"line":167,"column":8},"end":{"line":167,"column":8}},{"start":{"line":167,"column":8},"end":{"line":167,"column":8}}]},"8":{"line":170,"type":"if","locations":[{"start":{"line":170,"column":8},"end":{"line":170,"column":8}},{"start":{"line":170,"column":8},"end":{"line":170,"column":8}}]},"9":{"line":190,"type":"if","locations":[{"start":{"line":190,"column":17},"end":{"line":190,"column":17}},{"start":{"line":190,"column":17},"end":{"line":190,"column":17}}]},"10":{"line":191,"type":"if","locations":[{"start":{"line":191,"column":8},"end":{"line":191,"column":8}},{"start":{"line":191,"column":8},"end":{"line":191,"column":8}}]},"11":{"line":203,"type":"if","locations":[{"start":{"line":203,"column":17},"end":{"line":203,"column":17}},{"start":{"line":203,"column":17},"end":{"line":203,"column":17}}]},"12":{"line":204,"type":"if","locations":[{"start":{"line":204,"column":8},"end":{"line":204,"column":8}},{"start":{"line":204,"column":8},"end":{"line":204,"column":8}}]},"13":{"line":215,"type":"if","locations":[{"start":{"line":215,"column":8},"end":{"line":215,"column":8}},{"start":{"line":215,"column":8},"end":{"line":215,"column":8}}]},"14":{"line":218,"type":"if","locations":[{"start":{"line":218,"column":8},"end":{"line":218,"column":8}},{"start":{"line":218,"column":8},"end":{"line":218,"column":8}}]},"15":{"line":226,"type":"if","locations":[{"start":{"line":226,"column":8},"end":{"line":226,"column":8}},{"start":{"line":226,"column":8},"end":{"line":226,"column":8}}]},"16":{"line":227,"type":"if","locations":[{"start":{"line":227,"column":8},"end":{"line":227,"column":8}},{"start":{"line":227,"column":8},"end":{"line":227,"column":8}}]},"17":{"line":243,"type":"if","locations":[{"start":{"line":243,"column":17},"end":{"line":243,"column":17}},{"start":{"line":243,"column":17},"end":{"line":243,"column":17}}]},"18":{"line":244,"type":"if","locations":[{"start":{"line":244,"column":8},"end":{"line":244,"column":8}},{"start":{"line":244,"column":8},"end":{"line":244,"column":8}}]},"19":{"line":245,"type":"if","locations":[{"start":{"line":245,"column":8},"end":{"line":245,"column":8}},{"start":{"line":245,"column":8},"end":{"line":245,"column":8}}]},"20":{"line":246,"type":"if","locations":[{"start":{"line":246,"column":8},"end":{"line":246,"column":8}},{"start":{"line":246,"column":8},"end":{"line":246,"column":8}}]},"21":{"line":247,"type":"if","locations":[{"start":{"line":247,"column":8},"end":{"line":247,"column":8}},{"start":{"line":247,"column":8},"end":{"line":247,"column":8}}]},"22":{"line":253,"type":"if","locations":[{"start":{"line":253,"column":12},"end":{"line":253,"column":12}},{"start":{"line":253,"column":12},"end":{"line":253,"column":12}}]},"23":{"line":255,"type":"if","locations":[{"start":{"line":255,"column":12},"end":{"line":255,"column":12}},{"start":{"line":255,"column":12},"end":{"line":255,"column":12}}]},"24":{"line":260,"type":"if","locations":[{"start":{"line":260,"column":12},"end":{"line":260,"column":12}},{"start":{"line":260,"column":12},"end":{"line":260,"column":12}}]},"25":{"line":265,"type":"if","locations":[{"start":{"line":265,"column":12},"end":{"line":265,"column":12}},{"start":{"line":265,"column":12},"end":{"line":265,"column":12}}]},"26":{"line":270,"type":"if","locations":[{"start":{"line":270,"column":12},"end":{"line":270,"column":12}},{"start":{"line":270,"column":12},"end":{"line":270,"column":12}}]},"27":{"line":275,"type":"if","locations":[{"start":{"line":275,"column":12},"end":{"line":275,"column":12}},{"start":{"line":275,"column":12},"end":{"line":275,"column":12}}]},"28":{"line":289,"type":"if","locations":[{"start":{"line":289,"column":30},"end":{"line":289,"column":30}},{"start":{"line":289,"column":30},"end":{"line":289,"column":30}}]},"29":{"line":289,"type":"if","locations":[{"start":{"line":289,"column":43},"end":{"line":289,"column":43}},{"start":{"line":289,"column":43},"end":{"line":289,"column":43}}]},"30":{"line":292,"type":"if","locations":[{"start":{"line":292,"column":8},"end":{"line":292,"column":8}},{"start":{"line":292,"column":8},"end":{"line":292,"column":8}}]},"31":{"line":296,"type":"if","locations":[{"start":{"line":296,"column":8},"end":{"line":296,"column":8}},{"start":{"line":296,"column":8},"end":{"line":296,"column":8}}]},"32":{"line":302,"type":"if","locations":[{"start":{"line":302,"column":37},"end":{"line":302,"column":37}},{"start":{"line":302,"column":37},"end":{"line":302,"column":37}}]},"33":{"line":303,"type":"if","locations":[{"start":{"line":303,"column":8},"end":{"line":303,"column":8}},{"start":{"line":303,"column":8},"end":{"line":303,"column":8}}]},"34":{"line":307,"type":"if","locations":[{"start":{"line":307,"column":8},"end":{"line":307,"column":8}},{"start":{"line":307,"column":8},"end":{"line":307,"column":8}}]},"35":{"line":319,"type":"if","locations":[{"start":{"line":319,"column":8},"end":{"line":319,"column":8}},{"start":{"line":319,"column":8},"end":{"line":319,"column":8}}]},"36":{"line":320,"type":"if","locations":[{"start":{"line":320,"column":8},"end":{"line":320,"column":8}},{"start":{"line":320,"column":8},"end":{"line":320,"column":8}}]},"37":{"line":322,"type":"if","locations":[{"start":{"line":322,"column":8},"end":{"line":322,"column":8}},{"start":{"line":322,"column":8},"end":{"line":322,"column":8}}]},"38":{"line":322,"type":"cond-expr","locations":[{"start":{"line":322,"column":12},"end":{"line":322,"column":21}},{"start":{"line":322,"column":26},"end":{"line":322,"column":34}}]},"39":{"line":323,"type":"if","locations":[{"start":{"line":323,"column":8},"end":{"line":323,"column":8}},{"start":{"line":323,"column":8},"end":{"line":323,"column":8}}]},"40":{"line":324,"type":"if","locations":[{"start":{"line":324,"column":12},"end":{"line":324,"column":12}},{"start":{"line":324,"column":12},"end":{"line":324,"column":12}}]},"41":{"line":325,"type":"if","locations":[{"start":{"line":325,"column":12},"end":{"line":325,"column":12}},{"start":{"line":325,"column":12},"end":{"line":325,"column":12}}]},"42":{"line":327,"type":"if","locations":[{"start":{"line":327,"column":8},"end":{"line":327,"column":8}},{"start":{"line":327,"column":8},"end":{"line":327,"column":8}}]},"43":{"line":329,"type":"if","locations":[{"start":{"line":329,"column":8},"end":{"line":329,"column":8}},{"start":{"line":329,"column":8},"end":{"line":329,"column":8}}]},"44":{"line":330,"type":"if","locations":[{"start":{"line":330,"column":8},"end":{"line":330,"column":8}},{"start":{"line":330,"column":8},"end":{"line":330,"column":8}}]},"45":{"line":332,"type":"if","locations":[{"start":{"line":332,"column":12},"end":{"line":332,"column":12}},{"start":{"line":332,"column":12},"end":{"line":332,"column":12}}]},"46":{"line":337,"type":"if","locations":[{"start":{"line":337,"column":8},"end":{"line":337,"column":8}},{"start":{"line":337,"column":8},"end":{"line":337,"column":8}}]},"47":{"line":348,"type":"if","locations":[{"start":{"line":348,"column":57},"end":{"line":348,"column":57}},{"start":{"line":348,"column":57},"end":{"line":348,"column":57}}]},"48":{"line":353,"type":"if","locations":[{"start":{"line":353,"column":42},"end":{"line":353,"column":42}},{"start":{"line":353,"column":42},"end":{"line":353,"column":42}}]},"49":{"line":358,"type":"if","locations":[{"start":{"line":358,"column":61},"end":{"line":358,"column":61}},{"start":{"line":358,"column":61},"end":{"line":358,"column":61}}]},"50":{"line":359,"type":"if","locations":[{"start":{"line":359,"column":8},"end":{"line":359,"column":8}},{"start":{"line":359,"column":8},"end":{"line":359,"column":8}}]},"51":{"line":360,"type":"if","locations":[{"start":{"line":360,"column":8},"end":{"line":360,"column":8}},{"start":{"line":360,"column":8},"end":{"line":360,"column":8}}]},"52":{"line":367,"type":"if","locations":[{"start":{"line":367,"column":8},"end":{"line":367,"column":8}},{"start":{"line":367,"column":8},"end":{"line":367,"column":8}}]},"53":{"line":368,"type":"if","locations":[{"start":{"line":368,"column":8},"end":{"line":368,"column":8}},{"start":{"line":368,"column":8},"end":{"line":368,"column":8}}]},"54":{"line":377,"type":"if","locations":[{"start":{"line":377,"column":62},"end":{"line":377,"column":62}},{"start":{"line":377,"column":62},"end":{"line":377,"column":62}}]},"55":{"line":378,"type":"if","locations":[{"start":{"line":378,"column":8},"end":{"line":378,"column":8}},{"start":{"line":378,"column":8},"end":{"line":378,"column":8}}]},"56":{"line":386,"type":"if","locations":[{"start":{"line":386,"column":8},"end":{"line":386,"column":8}},{"start":{"line":386,"column":8},"end":{"line":386,"column":8}}]},"57":{"line":387,"type":"if","locations":[{"start":{"line":387,"column":8},"end":{"line":387,"column":8}},{"start":{"line":387,"column":8},"end":{"line":387,"column":8}}]},"58":{"line":397,"type":"if","locations":[{"start":{"line":397,"column":30},"end":{"line":397,"column":30}},{"start":{"line":397,"column":30},"end":{"line":397,"column":30}}]},"59":{"line":401,"type":"if","locations":[{"start":{"line":401,"column":32},"end":{"line":401,"column":32}},{"start":{"line":401,"column":32},"end":{"line":401,"column":32}}]},"60":{"line":416,"type":"if","locations":[{"start":{"line":416,"column":12},"end":{"line":416,"column":12}},{"start":{"line":416,"column":12},"end":{"line":416,"column":12}}]},"61":{"line":419,"type":"if","locations":[{"start":{"line":419,"column":18},"end":{"line":419,"column":21}},{"start":{"line":419,"column":25},"end":{"line":419,"column":57}}]},"62":{"line":427,"type":"if","locations":[{"start":{"line":427,"column":8},"end":{"line":427,"column":8}},{"start":{"line":427,"column":8},"end":{"line":427,"column":8}}]},"63":{"line":442,"type":"if","locations":[{"start":{"line":442,"column":12},"end":{"line":442,"column":12}},{"start":{"line":442,"column":12},"end":{"line":442,"column":12}}]},"64":{"line":462,"type":"if","locations":[{"start":{"line":462,"column":12},"end":{"line":462,"column":12}},{"start":{"line":462,"column":12},"end":{"line":462,"column":12}}]},"65":{"line":465,"type":"if","locations":[{"start":{"line":465,"column":18},"end":{"line":465,"column":21}},{"start":{"line":465,"column":25},"end":{"line":465,"column":57}}]},"66":{"line":467,"type":"if","locations":[{"start":{"line":467,"column":41},"end":{"line":467,"column":52}},{"start":{"line":467,"column":56},"end":{"line":467,"column":56}}]},"67":{"line":468,"type":"if","locations":[{"start":{"line":468,"column":49},"end":{"line":468,"column":57}},{"start":{"line":468,"column":61},"end":{"line":468,"column":65}}]},"68":{"line":472,"type":"if","locations":[{"start":{"line":472,"column":8},"end":{"line":472,"column":8}},{"start":{"line":472,"column":8},"end":{"line":472,"column":8}}]},"69":{"line":478,"type":"if","locations":[{"start":{"line":478,"column":8},"end":{"line":478,"column":8}},{"start":{"line":478,"column":8},"end":{"line":478,"column":8}}]},"70":{"line":486,"type":"if","locations":[{"start":{"line":486,"column":8},"end":{"line":486,"column":8}},{"start":{"line":486,"column":8},"end":{"line":486,"column":8}}]},"71":{"line":491,"type":"if","locations":[{"start":{"line":491,"column":58},"end":{"line":491,"column":58}},{"start":{"line":491,"column":58},"end":{"line":491,"column":58}}]}}},"contracts\\ProofAnchor.sol":{"l":{"21":7,"22":6,"23":6,"24":5,"25":5},"path":"C:\\Users\\mak\\Documents\\projects\\Research Work\\CG-MoE\\infrastructure\\evm\\contracts\\ProofAnchor.sol","s":{"1":7,"2":6,"3":5},"b":{"1":[1,6],"2":[5,1]},"f":{"1":7},"fnMap":{"1":{"name":"anchor","line":20,"loc":{"start":{"line":20,"column":4},"end":{"line":27,"column":4}}}},"statementMap":{"1":{"start":{"line":21,"column":8},"end":{"line":21,"column":55}},"2":{"start":{"line":23,"column":8},"end":{"line":23,"column":979}},"3":{"start":{"line":25,"column":12},"end":{"line":25,"column":54}}},"branchMap":{"1":{"line":21,"type":"if","locations":[{"start":{"line":21,"column":8},"end":{"line":21,"column":8}},{"start":{"line":21,"column":8},"end":{"line":21,"column":8}}]},"2":{"line":23,"type":"if","locations":[{"start":{"line":23,"column":8},"end":{"line":23,"column":8}},{"start":{"line":23,"column":8},"end":{"line":23,"column":8}}]}}}}